[
  {
    "level": "INFO",
    "message": "android.ndkVersion from module build.gradle is [22.0.7026061]"
  },
  {
    "level": "INFO",
    "message": "android.ndkPath from module build.gradle is not set"
  },
  {
    "level": "INFO",
    "message": "ndk.dir in local.properties is not set"
  },
  {
    "level": "INFO",
    "message": "Not considering ANDROID_NDK_HOME because support was removed after deprecation period."
  },
  {
    "level": "INFO",
    "message": "sdkFolder is D:\\SDK"
  },
  {
    "level": "INFO",
    "message": "NDK side-by-side folder from sdkFolder D:\\SDK\\ndk does not exist"
  },
  {
    "level": "INFO",
    "message": "Folder D:\\SDK\\ndk\\22.0.7026061 does not exist. Ignoring."
  },
  {
    "level": "INFO",
    "message": "Folder D:\\SDK\\ndk-bundle does not exist. Ignoring."
  },
  {
    "level": "INFO",
    "message": "No NDK was found. Trying to download it now."
  },
  {
    "level": "INFO",
    "message": "NDK 22.0.7026061 was downloaded to D:\\SDK\\ndk\\22.0.7026061. Using that."
  }
]